[debug] [2017-07-02T04:01:54.083Z] ----------------------------------------------------------------------
[debug] [2017-07-02T04:01:54.085Z] Command:      /usr/local/Cellar/node/7.2.1/bin/node /usr/local/bin/firebase deploy
[debug] [2017-07-02T04:01:54.086Z] CLI Version:  3.9.1
[debug] [2017-07-02T04:01:54.086Z] Platform:     darwin
[debug] [2017-07-02T04:01:54.086Z] Node Version: v7.2.1
[debug] [2017-07-02T04:01:54.087Z] Time:         Sat Jul 01 2017 23:01:54 GMT-0500 (CDT)
[debug] [2017-07-02T04:01:54.087Z] ----------------------------------------------------------------------
[debug] 
[debug] [2017-07-02T04:01:54.102Z] > command requires scopes: ["email","openid","https://www.googleapis.com/auth/cloudplatformprojects.readonly","https://www.googleapis.com/auth/firebase","https://www.googleapis.com/auth/cloud-platform"]
[debug] [2017-07-02T04:01:54.102Z] > authorizing via signed-in user
[debug] [2017-07-02T04:01:54.105Z] >>> HTTP REQUEST GET https://admin.firebase.com/v1/projects/gamenightcompanion  
 Sat Jul 01 2017 23:01:54 GMT-0500 (CDT)
[debug] [2017-07-02T04:01:54.550Z] <<< HTTP RESPONSE 200
[debug] [2017-07-02T04:01:54.551Z] >>> HTTP REQUEST GET https://admin.firebase.com/v1/database/gamenightcompanion/tokens  
 Sat Jul 01 2017 23:01:54 GMT-0500 (CDT)
[debug] [2017-07-02T04:01:54.922Z] <<< HTTP RESPONSE 200
[info] 
[info] === Deploying to 'gamenightcompanion'...
[info] 
[info] i  deploying database, functions, hosting
[info] ✔  database: rules ready to deploy.
[debug] [2017-07-02T04:01:55.407Z] > [functions] package.json contents: {
  "name": "functions",
  "description": "Cloud Functions for Firebase",
  "dependencies": {
    "firebase-admin": "~4.1.2",
    "firebase-functions": "^0.5"
  },
  "private": true
}
[info] i  functions: ensuring necessary APIs are enabled...
[info] i  runtimeconfig: ensuring necessary APIs are enabled...
[debug] [2017-07-02T04:01:55.408Z] >>> HTTP REQUEST GET https://servicemanagement.googleapis.com/v1/services/cloudfunctions.googleapis.com/projectSettings/gamenightcompanion?view=CONSUMER_VIEW  
 Sat Jul 01 2017 23:01:55 GMT-0500 (CDT)
[debug] [2017-07-02T04:01:55.409Z] >>> HTTP REQUEST GET https://servicemanagement.googleapis.com/v1/services/runtimeconfig.googleapis.com/projectSettings/gamenightcompanion?view=CONSUMER_VIEW  
 Sat Jul 01 2017 23:01:55 GMT-0500 (CDT)
[debug] [2017-07-02T04:01:56.103Z] <<< HTTP RESPONSE 200
[info] ✔  runtimeconfig: all necessary APIs are enabled
[debug] [2017-07-02T04:01:56.138Z] <<< HTTP RESPONSE 200
[info] ✔  functions: all necessary APIs are enabled
[debug] [2017-07-02T04:01:56.140Z] >>> HTTP REQUEST GET https://appengine.googleapis.com/v1/apps/gamenightcompanion  
 Sat Jul 01 2017 23:01:56 GMT-0500 (CDT)
[debug] [2017-07-02T04:01:56.141Z] >>> HTTP REQUEST GET https://apikeys.googleapis.com/v1/projects/gamenightcompanion/apiKeys  
 Sat Jul 01 2017 23:01:56 GMT-0500 (CDT)
[debug] [2017-07-02T04:01:56.429Z] <<< HTTP RESPONSE 200
[debug] [2017-07-02T04:01:56.481Z] <<< HTTP RESPONSE 200
